AS11M 01.05  Mon Nov 17, 2014 16:18  prog1.lst

0001 ffa0                        UCASE	EQU 	$FFA0
0002 ffa3                        WCHEK	EQU 	$FFA3
0003 ffa6                        DCHEK	EQU 	$FFA6
0004 ffa9                        INIT	EQU 	$FFA9	* use with caution
0005 ffac                        INPUT	EQU 	$FFAC
0006 ffaf                        OUTPUT	EQU 	$FFAF
0007 ffb2                        OUTLHLF	EQU 	$FFB2
0008 ffb5                        OUTRHLF	EQU	$FFB5
0009 ffb8                        OUTA	EQU	$FFB8
0010 ffbb                        OUT1BYT	EQU	$FFBB
0011 ffbe                        OUT1BSP	EQU 	$FFBE
0012 ffc1                        OUT2BSP	EQU 	$FFC1
0013 ffc4                        OUTCRLF	EQU 	$FFC4
0014 ffc7                        OUTSTRG	EQU 	$FFC7
0015 ffca                        OUTSTRGO EQU 	$FFCA
0016 ffcd                        INCHAR	EQU 	$FFCD
0017 ffd0                        VECINIT	EQU 	$FFD0
0018 1025                        TFLG2	EQU 	$1025
0019 1000                        PORTA	EQU	$1000
0020 1024                        TMSK2	EQU	$1024
0021                             
0022 8000                        	ORG	$8000
0023 8000 59 6f 75 72 20 6e      ME	FCC	'Your name'	
          61 6d 65
0024 8009 0a                     	FCB	10
0025 800a 45 4e 53 43 20 33      	FCC	'ENSC 3213'
          32 31 33
0026 8013 0a                     	FCB	10
0027 8014 44 61 74 65 20 74      	FCC	'Date the program was last changed'
          68 65 20 70 72 6f
          67 72 61 6d 20 77
          61 73 20 6c 61 73
          74 20 63 68 61 6e
          67 65 64
0028 8035 0a 0a 00               	FCB 	10,10, 4
0029                             
0030 9000                        	ORG	$9000
0031 9000 ce 80 00               	LDX	#ME
0032 9003 bd ff c7               	JSR	OUTSTRG	;MAKE SURE YOU HAVE EQU FOR OUTSTRG
0033                             
0034 9006                        LOOP1
0035 9006 0f                     	SEI 		;Disable the overall interrupt first
0036                             			;Enable TOF interrupt by setting TOI (bit#7 in TMSK2)
0037 9007 86 80                  	LDAA	#%10000000
0038 9009 b7 10 24               	STAA	TMSK2
0039 900c 0e                     	CLI		;Enable the overall interrupt
0040                             			;Now go about your business of printing Z's
0041 900d 86 5a                  	LDAA	#'Z'
0042 900f bd ff b8               LOOP	JSR	OUTA
0043 9012 20 fb                  	BRA	LOOP
0044                             			;End of main program
0045                             			;INTERRUPT SERVICE (ISR)
0046 9014                        SERVICE
0047                             			;TOGGLE PA4
0048 9014 86 10                  	LDAA	#%00010000
0049 9016 b8 10 00               	EORA	PORTA
0050 9019 b7 10 00               	STAA	PORTA
0051                             
0052                             			;TURN OFF THE FLAG!
0053 901c 86 80                  	LDAA	#%10000000
0054 901e b7 10 25               	STAA	TFLG2
0055                             			;END WITH AN RTI
0056 9021 3b                     	RTI
0057                             			;Connect the service to the interrupt;
0058 00d0                        	ORG	$00D0	;$00D0 WHERE THE SERVICE STARTS
0059 00d0 7e 90 14               	JMP	SERVICE	;JUMP TO WHERE THE SERVICE CODE ACTUALLY IS


Number of errors 0
Number of warnings 0
