AS11M 01.05  Mon Nov 17, 2014 16:55  prog3.lst

0001 ffa0                        UCASE	EQU 	$FFA0
0002 ffa3                        WCHEK	EQU 	$FFA3
0003 ffa6                        DCHEK	EQU 	$FFA6
0004 ffa9                        INIT	EQU 	$FFA9	* use with caution
0005 ffac                        INPUT	EQU 	$FFAC
0006 ffaf                        OUTPUT	EQU 	$FFAF
0007 ffb2                        OUTLHLF	EQU 	$FFB2
0008 ffb5                        OUTRHLF	EQU	$FFB5
0009 ffb8                        OUTA	EQU	$FFB8
0010 ffbb                        OUT1BYT	EQU	$FFBB
0011 ffbe                        OUT1BSP	EQU 	$FFBE
0012 ffc1                        OUT2BSP	EQU 	$FFC1
0013 ffc4                        OUTCRLF	EQU 	$FFC4
0014 ffc7                        OUTSTRG	EQU 	$FFC7
0015 ffca                        OUTSTRGO EQU 	$FFCA
0016 ffcd                        INCHAR	EQU 	$FFCD
0017 ffd0                        VECINIT	EQU 	$FFD0
0018 1025                        TFLG2	EQU 	$1025
0019 1000                        PORTA	EQU	$1000
0020 1024                        TMSK2	EQU	$1024
0021 1022                        TMSK1	EQU	$1022
0022 1023                        TFLG1	EQU	$1023
0023 1018                        TOC2	EQU	$1018
0024                             
0025 8000                        	ORG	$8000
0026 8000 59 6f 75 72 20 6e      ME	FCC	'Your name'	
          61 6d 65
0027 8009 0a                     	FCB	10
0028 800a 45 4e 53 43 20 33      	FCC	'ENSC 3213'
          32 31 33
0029 8013 0a                     	FCB	10
0030 8014 44 61 74 65 20 74      	FCC	'Date the program was last changed'
          68 65 20 70 72 6f
          67 72 61 6d 20 77
          61 73 20 6c 61 73
          74 20 63 68 61 6e
          67 65 64
0031 8035 0a 0a 00               	FCB 	10,10, 4
0032                             
0033 9000                        	ORG	$9000
0034 9000 ce 80 00               	LDX	#ME
0035 9003 bd ff c7               	JSR	OUTSTRG	;MAKE SURE YOU HAVE EQU FOR OUTSTRG
0036                             
0037 9006                        LOOP1
0038 9006 0f                     	SEI 		;Disable the overall interrupt first
0039                             			;Enable TOF interrupt by setting TOI (bit#7 in TMSK2)
0040 9007 86 40                  	LDAA	#%01000000
0041 9009 b7 10 22               	STAA	TMSK1
0042 900c 0e                     	CLI		;Enable the overall interrupt
0043                             			;Now go about your business of printing Z's
0044 900d 86 5a                  	LDAA	#'Z'
0045 900f bd ff b8               LOOP	JSR	OUTA
0046 9012 20 fb                  	BRA	LOOP
0047                             			;End of main program
0048                             			;INTERRUPT SERVICE (ISR)
0049 9014                        SERVICE
0050                             			;TOGGLE PA4
0051 9014 86 10                  	LDAA	#%00010000
0052 9016 b8 10 00               	EORA	PORTA
0053 9019 b7 10 00               	STAA	PORTA
0054                             
0055                             			;TURN OFF THE FLAG!
0056 901c 86 40                  	LDAA	#%01000000
0057 901e b7 10 23               	STAA	TFLG1
0058 9021 fc 10 18               	LDD	TOC2
0059 9024 c3 03 e8               	ADDD	#1000
0060 9027 fd 10 18               	STD	TOC2
0061                             			;END WITH AN RTI
0062 902a 3b                     	RTI
0063                             			;Connect the service to the interrupt;
0064 00dc                        	ORG	$00DC	;$00D0 WHERE THE SERVICE STARTS
0065 00dc 7e 90 14               	JMP	SERVICE	;JUMP TO WHERE THE SERVICE CODE ACTUALLY IS


Number of errors 0
Number of warnings 0
