AS11M 01.05  Mon Nov 17, 2014 16:38  prog2.lst

0001 ffa0                        UCASE	EQU 	$FFA0
0002 ffa3                        WCHEK	EQU 	$FFA3
0003 ffa6                        DCHEK	EQU 	$FFA6
0004 ffa9                        INIT	EQU 	$FFA9	* use with caution
0005 ffac                        INPUT	EQU 	$FFAC
0006 ffaf                        OUTPUT	EQU 	$FFAF
0007 ffb2                        OUTLHLF	EQU 	$FFB2
0008 ffb5                        OUTRHLF	EQU	$FFB5
0009 ffb8                        OUTA	EQU	$FFB8
0010 ffbb                        OUT1BYT	EQU	$FFBB
0011 ffbe                        OUT1BSP	EQU 	$FFBE
0012 ffc1                        OUT2BSP	EQU 	$FFC1
0013 ffc4                        OUTCRLF	EQU 	$FFC4
0014 ffc7                        OUTSTRG	EQU 	$FFC7
0015 ffca                        OUTSTRGO EQU 	$FFCA
0016 ffcd                        INCHAR	EQU 	$FFCD
0017 ffd0                        VECINIT	EQU 	$FFD0
0018 1025                        TFLG2	EQU 	$1025
0019 1000                        PORTA	EQU	$1000
0020 1024                        TMSK2	EQU	$1024
0021 1026                        PACTL	EQU	$1026
0022                             
0023 8000                        	ORG	$8000
0024 8000 59 6f 75 72 20 6e      ME	FCC	'Your name'	
          61 6d 65
0025 8009 0a                     	FCB	10
0026 800a 45 4e 53 43 20 33      	FCC	'ENSC 3213'
          32 31 33
0027 8013 0a                     	FCB	10
0028 8014 44 61 74 65 20 74      	FCC	'Date the program was last changed'
          68 65 20 70 72 6f
          67 72 61 6d 20 77
          61 73 20 6c 61 73
          74 20 63 68 61 6e
          67 65 64
0029 8035 0a 0a 00               	FCB 	10,10, 4
0030 8038 04                     COUNT	FCB	4
0031 8039 08                     TIME	FCB	8
0032                             
0033 9000                        	ORG	$9000
0034 9000 86 3d                  	LDAA	#61
0035 9002 b7 80 38               	STAA	COUNT
0036 9005 ce 80 00               	LDX	#ME
0037 9008 bd ff c7               	JSR	OUTSTRG	;MAKE SURE YOU HAVE EQU FOR OUTSTRG
0038                             
0039 900b                        LOOP1
0040 900b 0f                     	SEI 		;Disable the overall interrupt first
0041                             			;Enable TOF interrupt by setting TOI (bit#7 in TMSK2)
0042 900c 86 40                  	LDAA	#%01000000 ;<= This is different, yo
0043 900e b7 10 24               	STAA	TMSK2
0044 9011 86 01                  	LDAA	#%00000001	;<= This is new, yo
0045 9013 b7 10 26               	STAA	PACTL
0046 9016 0e                     	CLI		;Enable the overall interrupt
0047                             			;Now go about your business of printing Z's
0048                             	;LDAA	#'Z'
0049 9017 bd ff be               LOOP	JSR	OUT1BSP
0050 901a 20 fb                  	BRA	LOOP
0051                             
0052 901c                        CountSet
0053                             	;TOGGLE PA4
0054 901c 86 10                  	LDAA	#%00010000
0055 901e b8 10 00               	EORA	PORTA
0056 9021 b7 10 00               	STAA	PORTA
0057 9024 86 3d                  	LDAA	#61
0058 9026 b7 80 38               	STAA	COUNT
0059 9029 b6 80 39               	LDAA	TIME
0060 902c bd ff b8               	JSR	OUTA
0061 902f 8b 01                  	ADDA	#1
0062 9031 b7 80 39               	STAA	TIME
0063 9034 20 0e                  	BRA	END
0064                             	
0065                             	
0066                             			;End of main program
0067                             			;INTERRUPT SERVICE (ISR)
0068 9036                        SERVICE			
0069                             			;TURN OFF THE FLAG!
0070 9036 86 40                  	LDAA	#%01000000	;<= This, my friend, is also different
0071 9038 b7 10 25               	STAA	TFLG2
0072                             			;END WITH AN RTI
0073 903b b6 80 38               	LDAA	COUNT
0074 903e 4a                     	DECA
0075 903f b7 80 38               	STAA	COUNT
0076 9042 27 d8                  	BEQ	CountSet
0077 9044 3b                     END	RTI
0078                             			;Connect the service to the interrupt;
0079 00eb                        	ORG	$00EB	;$00D0 WHERE THE SERVICE STARTS
0080 00eb 7e 90 36               	JMP	SERVICE	;JUMP TO WHERE THE SERVICE CODE ACTUALLY IS


Number of errors 0
Number of warnings 0
